<?xml version="1.0" encoding="UTF-8"?>
<robot generator="Robot 7.0 (Python 3.12.2 on win32)" generated="2024-05-14T10:39:09.500737" rpa="false" schemaversion="5">
<suite id="s1" name="Tests" source="C:\Academy\Automação-qacoders-robot\tests">
<suite id="s1-s1" name="Diretoria" source="C:\Academy\Automação-qacoders-robot\tests\diretoria.robot">
<test id="s1-s1-t1" name="Teste 1: Cadastro de diretoria" line="8">
<kw name="Abrir o navegador" owner="academy" type="SETUP">
<kw name="Open Browser" owner="SeleniumLibrary">
<msg time="2024-05-14T10:39:09.961964" level="INFO">Opening browser 'headlesschrome' to base url 'None'.</msg>
<arg>browser=headlesschrome</arg>
<doc>Opens a new browser instance to the optional ``url``.</doc>
<status status="PASS" start="2024-05-14T10:39:09.961964" elapsed="2.195665"/>
</kw>
<kw name="Maximize Browser Window" owner="SeleniumLibrary">
<doc>Maximizes current browser window.</doc>
<status status="PASS" start="2024-05-14T10:39:12.157629" elapsed="0.052966"/>
</kw>
<status status="PASS" start="2024-05-14T10:39:09.959966" elapsed="2.250629"/>
</kw>
<kw name="Acessar a página de login QaCodersAcademy" owner="academy">
<kw name="Go To" owner="SeleniumLibrary">
<msg time="2024-05-14T10:39:12.212593" level="INFO">Opening url 'https://automacao.qacoders-academy.com.br/login'</msg>
<arg>url=${URL}</arg>
<doc>Navigates the current browser window to the provided ``url``.</doc>
<status status="PASS" start="2024-05-14T10:39:12.212593" elapsed="1.425784"/>
</kw>
<status status="PASS" start="2024-05-14T10:39:12.211594" elapsed="1.427781"/>
</kw>
<kw name="Digitar um e-mail" owner="academy">
<kw name="Wait Until Element Is Visible" owner="SeleniumLibrary">
<arg>locator=${emailInput}</arg>
<doc>Waits until the element ``locator`` is visible.</doc>
<status status="PASS" start="2024-05-14T10:39:13.651367" elapsed="0.084001"/>
</kw>
<kw name="Input Text" owner="SeleniumLibrary">
<msg time="2024-05-14T10:39:13.736367" level="INFO">Typing text 'sysadmin@qacoders.com' into text field '//input[contains(@type,'text')]'.</msg>
<arg>locator=${emailInput}</arg>
<arg>text=${emailLogin}</arg>
<doc>Types the given ``text`` into the text field identified by ``locator``.</doc>
<status status="PASS" start="2024-05-14T10:39:13.736367" elapsed="0.266855"/>
</kw>
<status status="PASS" start="2024-05-14T10:39:13.650368" elapsed="0.352854"/>
</kw>
<kw name="Digitar uma senha" owner="academy">
<kw name="Wait Until Element Is Visible" owner="SeleniumLibrary">
<arg>locator=${senhaInput}</arg>
<doc>Waits until the element ``locator`` is visible.</doc>
<status status="PASS" start="2024-05-14T10:39:14.005219" elapsed="0.041976"/>
</kw>
<kw name="Input Text" owner="SeleniumLibrary">
<msg time="2024-05-14T10:39:14.048194" level="INFO">Typing text '1234@Test' into text field '//input[contains(@type,'password')]'.</msg>
<arg>locator=${senhaInput}</arg>
<arg>text=${passwordLogin}</arg>
<doc>Types the given ``text`` into the text field identified by ``locator``.</doc>
<status status="PASS" start="2024-05-14T10:39:14.047195" elapsed="0.137913"/>
</kw>
<status status="PASS" start="2024-05-14T10:39:14.005219" elapsed="0.179889"/>
</kw>
<kw name="Clicar em entrar" owner="academy">
<kw name="Wait Until Element Is Visible" owner="SeleniumLibrary">
<arg>locator=${entrarButton}</arg>
<doc>Waits until the element ``locator`` is visible.</doc>
<status status="PASS" start="2024-05-14T10:39:14.187107" elapsed="0.031980"/>
</kw>
<kw name="Click Button" owner="SeleniumLibrary">
<msg time="2024-05-14T10:39:14.219087" level="INFO">Clicking button '//button[@class='MuiButtonBase-root MuiButton-root MuiButton-contained MuiButton-containedOrange MuiButton-sizeMedium MuiButton-containedSizeMedium MuiButton-root MuiButton-contained MuiButton-containedOrange MuiButton-sizeMedium MuiButton-containedSizeMedium css-ojf4v2'][contains(.,'Entrar')]'.</msg>
<arg>locator=${entrarButton}</arg>
<doc>Clicks the button identified by ``locator``.</doc>
<status status="PASS" start="2024-05-14T10:39:14.219087" elapsed="0.107933"/>
</kw>
<kw name="Sleep" owner="BuiltIn">
<msg time="2024-05-14T10:39:17.328707" level="INFO">Slept 3 seconds.</msg>
<arg>3s</arg>
<doc>Pauses the test executed for the given time.</doc>
<status status="PASS" start="2024-05-14T10:39:14.327020" elapsed="3.001687"/>
</kw>
<status status="PASS" start="2024-05-14T10:39:14.186108" elapsed="3.142599"/>
</kw>
<kw name="Clicar em cadastro" owner="academy">
<kw name="Wait Until Element Is Visible" owner="SeleniumLibrary">
<arg>locator=${cadastros}</arg>
<doc>Waits until the element ``locator`` is visible.</doc>
<status status="PASS" start="2024-05-14T10:39:17.329706" elapsed="0.060963"/>
</kw>
<kw name="Click Element" owner="SeleniumLibrary">
<msg time="2024-05-14T10:39:17.391668" level="INFO">Clicking element '//div[contains(@id,'Cadastros')]'.</msg>
<arg>locator=${cadastros}</arg>
<doc>Click the element identified by ``locator``.</doc>
<status status="PASS" start="2024-05-14T10:39:17.390669" elapsed="0.099448"/>
</kw>
<status status="PASS" start="2024-05-14T10:39:17.329706" elapsed="0.160411"/>
</kw>
<kw name="Clicar em diretorias" owner="academy">
<kw name="Wait Until Element Is Visible" owner="SeleniumLibrary">
<arg>locator=${diretorias}</arg>
<doc>Waits until the element ``locator`` is visible.</doc>
<status status="PASS" start="2024-05-14T10:39:17.493115" elapsed="0.045972"/>
</kw>
<kw name="Click Element" owner="SeleniumLibrary">
<msg time="2024-05-14T10:39:17.539087" level="INFO">Clicking element '//span[@class='MuiTypography-root MuiTypography-body1 MuiListItemText-primary css-yb0lig'][contains(.,'Diretorias')]'.</msg>
<arg>locator=${diretorias}</arg>
<doc>Click the element identified by ``locator``.</doc>
<status status="PASS" start="2024-05-14T10:39:17.539087" elapsed="0.096939"/>
</kw>
<status status="PASS" start="2024-05-14T10:39:17.492115" elapsed="0.143911"/>
</kw>
<kw name="Clicar em novo cadastro" owner="academy">
<kw name="Wait Until Element Is Visible" owner="SeleniumLibrary">
<arg>locator=${novoCadastroDiretoria}</arg>
<doc>Waits until the element ``locator`` is visible.</doc>
<status status="PASS" start="2024-05-14T10:39:17.638026" elapsed="0.105933"/>
</kw>
<kw name="Click Button" owner="SeleniumLibrary">
<msg time="2024-05-14T10:39:17.744958" level="INFO">Clicking button '//button[@class='css-fvzsut'][contains(.,'Novo Cadastro')]'.</msg>
<arg>locator=${novoCadastroDiretoria}</arg>
<doc>Clicks the button identified by ``locator``.</doc>
<status status="PASS" start="2024-05-14T10:39:17.744958" elapsed="0.142912"/>
</kw>
<status status="PASS" start="2024-05-14T10:39:17.637026" elapsed="0.250844"/>
</kw>
<kw name="Digitar dados da diretoria" owner="academy">
<kw name="Generate Random String" owner="String">
<msg time="2024-05-14T10:39:17.893866" level="INFO">${palavra_randomica} = HrQOpbzL</msg>
<var>${palavra_randomica}</var>
<arg>length=8</arg>
<arg>chars=[LETTERS]</arg>
<doc>Generates a string with a desired ``length`` from the given ``chars``.</doc>
<status status="PASS" start="2024-05-14T10:39:17.892867" elapsed="0.000999"/>
</kw>
<kw name="Convert To Lower Case" owner="String">
<msg time="2024-05-14T10:39:17.894866" level="INFO">${palavra_randomica} = hrqopbzl</msg>
<var>${palavra_randomica}</var>
<arg>${palavra_randomica}</arg>
<doc>Converts string to lower case.</doc>
<status status="PASS" start="2024-05-14T10:39:17.894866" elapsed="0.000000"/>
</kw>
<kw name="Set Test Variable" owner="BuiltIn">
<msg time="2024-05-14T10:39:17.898865" level="INFO">${board} = hrqopbzl</msg>
<arg>${board}</arg>
<arg>${palavra_randomica}</arg>
<doc>Makes a variable available everywhere within the scope of the current test.</doc>
<status status="PASS" start="2024-05-14T10:39:17.895866" elapsed="0.002999"/>
</kw>
<kw name="Log" owner="BuiltIn">
<msg time="2024-05-14T10:39:17.899864" level="INFO">hrqopbzl</msg>
<arg>${board}</arg>
<doc>Logs the given message with the given level.</doc>
<status status="PASS" start="2024-05-14T10:39:17.899864" elapsed="0.000000"/>
</kw>
<kw name="Wait Until Element Is Visible" owner="SeleniumLibrary">
<arg>locator=${dadosDiretoria}</arg>
<doc>Waits until the element ``locator`` is visible.</doc>
<status status="PASS" start="2024-05-14T10:39:17.900862" elapsed="0.044974"/>
</kw>
<kw name="Input Text" owner="SeleniumLibrary">
<msg time="2024-05-14T10:39:17.946835" level="INFO">Typing text 'hrqopbzl' into text field '//input[contains(@class,'MuiInputBase-input MuiInput-input css-mnn31')]'.</msg>
<arg>locator=${dadosDiretoria}</arg>
<arg>text=${board}</arg>
<doc>Types the given ``text`` into the text field identified by ``locator``.</doc>
<status status="PASS" start="2024-05-14T10:39:17.945836" elapsed="0.321372"/>
</kw>
<status status="PASS" start="2024-05-14T10:39:17.892867" elapsed="0.374341"/>
</kw>
<kw name="Clicar em salvar novo" owner="academy">
<kw name="Wait Until Element Is Visible" owner="SeleniumLibrary">
<arg>locator=${salvar}</arg>
<doc>Waits until the element ``locator`` is visible.</doc>
<status status="PASS" start="2024-05-14T10:39:18.270205" elapsed="0.051027"/>
</kw>
<kw name="Click Button" owner="SeleniumLibrary">
<msg time="2024-05-14T10:39:18.324232" level="INFO">Clicking button 'id:save'.</msg>
<arg>locator=${salvar}</arg>
<doc>Clicks the button identified by ``locator``.</doc>
<status status="PASS" start="2024-05-14T10:39:18.322235" elapsed="0.147993"/>
</kw>
<status status="PASS" start="2024-05-14T10:39:18.269207" elapsed="0.202021"/>
</kw>
<kw name="Clicar em editar" owner="academy">
<kw name="Wait Until Element Is Visible" owner="SeleniumLibrary">
<arg>locator=${editarDiretoria}</arg>
<doc>Waits until the element ``locator`` is visible.</doc>
<status status="PASS" start="2024-05-14T10:39:18.473230" elapsed="0.125012"/>
</kw>
<kw name="Click Button" owner="SeleniumLibrary">
<msg time="2024-05-14T10:39:18.600241" level="INFO">Clicking button '(//button[@name='editar'][contains(.,'Editar')])[1]'.</msg>
<arg>locator=${editarDiretoria}</arg>
<doc>Clicks the button identified by ``locator``.</doc>
<status status="PASS" start="2024-05-14T10:39:18.599241" elapsed="0.119075"/>
</kw>
<status status="PASS" start="2024-05-14T10:39:18.472232" elapsed="0.246084"/>
</kw>
<kw name="Editar dados diretoria" owner="academy">
<kw name="Generate Random String" owner="String">
<msg time="2024-05-14T10:39:18.721314" level="INFO">${palavra_randomica} = ainvzkJK</msg>
<var>${palavra_randomica}</var>
<arg>length=8</arg>
<arg>chars=[LETTERS]</arg>
<doc>Generates a string with a desired ``length`` from the given ``chars``.</doc>
<status status="PASS" start="2024-05-14T10:39:18.720316" elapsed="0.000998"/>
</kw>
<kw name="Convert To Lower Case" owner="String">
<msg time="2024-05-14T10:39:18.722315" level="INFO">${palavra_randomica} = ainvzkjk</msg>
<var>${palavra_randomica}</var>
<arg>${palavra_randomica}</arg>
<doc>Converts string to lower case.</doc>
<status status="PASS" start="2024-05-14T10:39:18.721314" elapsed="0.001001"/>
</kw>
<kw name="Set Test Variable" owner="BuiltIn">
<msg time="2024-05-14T10:39:18.726312" level="INFO">${board&amp;} = ainvzkjk</msg>
<arg>${board&amp;}</arg>
<arg>${palavra_randomica}</arg>
<doc>Makes a variable available everywhere within the scope of the current test.</doc>
<status status="PASS" start="2024-05-14T10:39:18.723313" elapsed="0.002999"/>
</kw>
<kw name="Wait Until Element Is Visible" owner="SeleniumLibrary">
<arg>locator=${editarDadosDiretoria}</arg>
<doc>Waits until the element ``locator`` is visible.</doc>
<status status="PASS" start="2024-05-14T10:39:18.727312" elapsed="0.053968"/>
</kw>
<kw name="Input Text" owner="SeleniumLibrary">
<msg time="2024-05-14T10:39:18.783278" level="INFO">Typing text 'ainvzkjk' into text field '//input[contains(@class,'MuiInputBase-input MuiInput-input css-mnn31')]'.</msg>
<arg>locator=${editarDadosDiretoria}</arg>
<arg>text=${board&amp;}</arg>
<doc>Types the given ``text`` into the text field identified by ``locator``.</doc>
<status status="PASS" start="2024-05-14T10:39:18.782285" elapsed="0.220859"/>
</kw>
<status status="PASS" start="2024-05-14T10:39:18.719316" elapsed="0.284827"/>
</kw>
<kw name="Clicar em salvar alterações" owner="academy">
<kw name="Wait Until Element Is Visible" owner="SeleniumLibrary">
<arg>locator=${salvarAlterações}</arg>
<doc>Waits until the element ``locator`` is visible.</doc>
<status status="PASS" start="2024-05-14T10:39:19.006142" elapsed="0.048966"/>
</kw>
<kw name="Click Button" owner="SeleniumLibrary">
<msg time="2024-05-14T10:39:19.057106" level="INFO">Clicking button '//button[@type='submit'][contains(.,'SALVAR ALTERAÇOES')]'.</msg>
<arg>locator=${salvarAlterações}</arg>
<doc>Clicks the button identified by ``locator``.</doc>
<status status="PASS" start="2024-05-14T10:39:19.056107" elapsed="0.135431"/>
</kw>
<status status="PASS" start="2024-05-14T10:39:19.005142" elapsed="0.186396"/>
</kw>
<kw name="Clicar em sair" owner="academy">
<kw name="Wait Until Element Is Visible" owner="SeleniumLibrary">
<arg>locator=${sair}</arg>
<doc>Waits until the element ``locator`` is visible.</doc>
<status status="PASS" start="2024-05-14T10:39:19.194538" elapsed="0.054968"/>
</kw>
<kw name="Click Button" owner="SeleniumLibrary">
<msg time="2024-05-14T10:39:19.250502" level="INFO">Clicking button '//button[@class='css-1nvbq2d'][contains(.,'Logout')]'.</msg>
<arg>locator=${sair}</arg>
<doc>Clicks the button identified by ``locator``.</doc>
<status status="PASS" start="2024-05-14T10:39:19.249506" elapsed="0.223376"/>
</kw>
<status status="PASS" start="2024-05-14T10:39:19.193538" elapsed="0.280345"/>
</kw>
<kw name="Fechar o navegador" owner="academy" type="TEARDOWN">
<kw name="Close Browser" owner="SeleniumLibrary">
<doc>Closes the current browser.</doc>
<status status="PASS" start="2024-05-14T10:39:19.474881" elapsed="2.286270"/>
</kw>
<status status="PASS" start="2024-05-14T10:39:19.474881" elapsed="2.286270"/>
</kw>
<status status="PASS" start="2024-05-14T10:39:09.958967" elapsed="11.803181"/>
</test>
<status status="PASS" start="2024-05-14T10:39:09.555703" elapsed="12.208444"/>
</suite>
<suite id="s1-s2" name="Login" source="C:\Academy\Automação-qacoders-robot\tests\login.robot">
<test id="s1-s2-t1" name="Cenário de teste 1: Login" line="8">
<kw name="Abrir o navegador" owner="academy" type="SETUP">
<kw name="Open Browser" owner="SeleniumLibrary">
<msg time="2024-05-14T10:39:21.776145" level="INFO">Opening browser 'headlesschrome' to base url 'None'.</msg>
<arg>browser=headlesschrome</arg>
<doc>Opens a new browser instance to the optional ``url``.</doc>
<status status="PASS" start="2024-05-14T10:39:21.776145" elapsed="2.080878"/>
</kw>
<kw name="Maximize Browser Window" owner="SeleniumLibrary">
<doc>Maximizes current browser window.</doc>
<status status="PASS" start="2024-05-14T10:39:23.857023" elapsed="0.033979"/>
</kw>
<status status="PASS" start="2024-05-14T10:39:21.775141" elapsed="2.116861"/>
</kw>
<kw name="Acessar a página de login QaCodersAcademy" owner="academy">
<kw name="Go To" owner="SeleniumLibrary">
<msg time="2024-05-14T10:39:23.894000" level="INFO">Opening url 'https://automacao.qacoders-academy.com.br/login'</msg>
<arg>url=${URL}</arg>
<doc>Navigates the current browser window to the provided ``url``.</doc>
<status status="PASS" start="2024-05-14T10:39:23.893001" elapsed="0.539004"/>
</kw>
<status status="PASS" start="2024-05-14T10:39:23.893001" elapsed="0.539004"/>
</kw>
<kw name="Digitar um e-mail" owner="academy">
<kw name="Wait Until Element Is Visible" owner="SeleniumLibrary">
<arg>locator=${emailInput}</arg>
<doc>Waits until the element ``locator`` is visible.</doc>
<status status="PASS" start="2024-05-14T10:39:24.437981" elapsed="0.127044"/>
</kw>
<kw name="Input Text" owner="SeleniumLibrary">
<msg time="2024-05-14T10:39:24.566024" level="INFO">Typing text 'sysadmin@qacoders.com' into text field '//input[contains(@type,'text')]'.</msg>
<arg>locator=${emailInput}</arg>
<arg>text=${emailLogin}</arg>
<doc>Types the given ``text`` into the text field identified by ``locator``.</doc>
<status status="PASS" start="2024-05-14T10:39:24.565025" elapsed="0.313863"/>
</kw>
<status status="PASS" start="2024-05-14T10:39:24.437981" elapsed="0.441906"/>
</kw>
<kw name="Digitar uma senha" owner="academy">
<kw name="Wait Until Element Is Visible" owner="SeleniumLibrary">
<arg>locator=${senhaInput}</arg>
<doc>Waits until the element ``locator`` is visible.</doc>
<status status="PASS" start="2024-05-14T10:39:24.881886" elapsed="0.052983"/>
</kw>
<kw name="Input Text" owner="SeleniumLibrary">
<msg time="2024-05-14T10:39:24.935869" level="INFO">Typing text '1234@Test' into text field '//input[contains(@type,'password')]'.</msg>
<arg>locator=${senhaInput}</arg>
<arg>text=${passwordLogin}</arg>
<doc>Types the given ``text`` into the text field identified by ``locator``.</doc>
<status status="PASS" start="2024-05-14T10:39:24.935869" elapsed="0.182026"/>
</kw>
<status status="PASS" start="2024-05-14T10:39:24.880886" elapsed="0.237009"/>
</kw>
<kw name="Clicar em entrar" owner="academy">
<kw name="Wait Until Element Is Visible" owner="SeleniumLibrary">
<arg>locator=${entrarButton}</arg>
<doc>Waits until the element ``locator`` is visible.</doc>
<status status="PASS" start="2024-05-14T10:39:25.119893" elapsed="0.052967"/>
</kw>
<kw name="Click Button" owner="SeleniumLibrary">
<msg time="2024-05-14T10:39:25.173859" level="INFO">Clicking button '//button[@class='MuiButtonBase-root MuiButton-root MuiButton-contained MuiButton-containedOrange MuiButton-sizeMedium MuiButton-containedSizeMedium MuiButton-root MuiButton-contained MuiButton-containedOrange MuiButton-sizeMedium MuiButton-containedSizeMedium css-ojf4v2'][contains(.,'Entrar')]'.</msg>
<arg>locator=${entrarButton}</arg>
<doc>Clicks the button identified by ``locator``.</doc>
<status status="PASS" start="2024-05-14T10:39:25.172860" elapsed="0.139183"/>
</kw>
<kw name="Sleep" owner="BuiltIn">
<msg time="2024-05-14T10:39:28.313992" level="INFO">Slept 3 seconds.</msg>
<arg>3s</arg>
<doc>Pauses the test executed for the given time.</doc>
<status status="PASS" start="2024-05-14T10:39:25.313041" elapsed="3.000951"/>
</kw>
<status status="PASS" start="2024-05-14T10:39:25.118893" elapsed="3.195099"/>
</kw>
<kw name="Fechar o navegador" owner="academy" type="TEARDOWN">
<kw name="Close Browser" owner="SeleniumLibrary">
<doc>Closes the current browser.</doc>
<status status="PASS" start="2024-05-14T10:39:28.314990" elapsed="2.225137"/>
</kw>
<status status="PASS" start="2024-05-14T10:39:28.314990" elapsed="2.225137"/>
</kw>
<status status="PASS" start="2024-05-14T10:39:21.774140" elapsed="8.766987"/>
</test>
<test id="s1-s2-t2" name="Cenário de teste 2: Login inválido" line="14">
<kw name="Abrir o navegador" owner="academy" type="SETUP">
<kw name="Open Browser" owner="SeleniumLibrary">
<msg time="2024-05-14T10:39:30.544125" level="INFO">Opening browser 'headlesschrome' to base url 'None'.</msg>
<arg>browser=headlesschrome</arg>
<doc>Opens a new browser instance to the optional ``url``.</doc>
<status status="PASS" start="2024-05-14T10:39:30.543126" elapsed="2.071008"/>
</kw>
<kw name="Maximize Browser Window" owner="SeleniumLibrary">
<doc>Maximizes current browser window.</doc>
<status status="PASS" start="2024-05-14T10:39:32.615133" elapsed="0.041975"/>
</kw>
<status status="PASS" start="2024-05-14T10:39:30.543126" elapsed="2.113982"/>
</kw>
<kw name="Acessar a página de login QaCodersAcademy" owner="academy">
<kw name="Go To" owner="SeleniumLibrary">
<msg time="2024-05-14T10:39:32.659108" level="INFO">Opening url 'https://automacao.qacoders-academy.com.br/login'</msg>
<arg>url=${URL}</arg>
<doc>Navigates the current browser window to the provided ``url``.</doc>
<status status="PASS" start="2024-05-14T10:39:32.658108" elapsed="0.634628"/>
</kw>
<status status="PASS" start="2024-05-14T10:39:32.658108" elapsed="0.634628"/>
</kw>
<kw name="Email inválido de login" owner="academy">
<kw name="Wait Until Element Is Visible" owner="SeleniumLibrary">
<arg>locator=${emailInput}</arg>
<doc>Waits until the element ``locator`` is visible.</doc>
<status status="PASS" start="2024-05-14T10:39:33.294735" elapsed="0.057964"/>
</kw>
<kw name="Input Text" owner="SeleniumLibrary">
<msg time="2024-05-14T10:39:33.353698" level="INFO">Typing text 'email.com' into text field '//input[contains(@type,'text')]'.</msg>
<arg>locator=${emailInput}</arg>
<arg>text=email.com</arg>
<doc>Types the given ``text`` into the text field identified by ``locator``.</doc>
<status status="PASS" start="2024-05-14T10:39:33.352699" elapsed="0.259840"/>
</kw>
<kw name="Wait Until Element Is Visible" owner="SeleniumLibrary">
<arg>locator=${senhaInput}</arg>
<doc>Waits until the element ``locator`` is visible.</doc>
<status status="PASS" start="2024-05-14T10:39:33.612539" elapsed="0.043973"/>
</kw>
<kw name="Input Password" owner="SeleniumLibrary">
<msg time="2024-05-14T10:39:33.658510" level="INFO">Typing password into text field '//input[contains(@type,'password')]'.</msg>
<msg time="2024-05-14T10:39:33.714474" level="INFO">Temporally setting log level to: NONE</msg>
<arg>locator=${senhaInput}</arg>
<arg>password=${passwordLogin}</arg>
<doc>Types the given password into the text field identified by ``locator``.</doc>
<status status="PASS" start="2024-05-14T10:39:33.657511" elapsed="0.190881"/>
</kw>
<kw name="Capture Element Screenshot" owner="SeleniumLibrary">
<msg time="2024-05-14T10:39:33.998302" level="INFO" html="true">&lt;/td&gt;&lt;/tr&gt;&lt;tr&gt;&lt;td colspan="3"&gt;&lt;a href="selenium-element-screenshot-9.png"&gt;&lt;img src="selenium-element-screenshot-9.png" width="400px"&gt;&lt;/a&gt;</msg>
<arg>locator=${telaLogin}</arg>
<doc>Captures a screenshot from the element identified by ``locator`` and embeds it into log file.</doc>
<status status="PASS" start="2024-05-14T10:39:33.848392" elapsed="0.149910"/>
</kw>
<status status="PASS" start="2024-05-14T10:39:33.293736" elapsed="0.705563"/>
</kw>
<kw name="Clicar em entrar" owner="academy">
<kw name="Wait Until Element Is Visible" owner="SeleniumLibrary">
<arg>locator=${entrarButton}</arg>
<doc>Waits until the element ``locator`` is visible.</doc>
<status status="PASS" start="2024-05-14T10:39:34.001298" elapsed="0.037975"/>
</kw>
<kw name="Click Button" owner="SeleniumLibrary">
<msg time="2024-05-14T10:39:34.041272" level="INFO">Clicking button '//button[@class='MuiButtonBase-root MuiButton-root MuiButton-contained MuiButton-containedOrange MuiButton-sizeMedium MuiButton-containedSizeMedium MuiButton-root MuiButton-contained MuiButton-containedOrange MuiButton-sizeMedium MuiButton-containedSizeMedium css-ojf4v2'][contains(.,'Entrar')]'.</msg>
<arg>locator=${entrarButton}</arg>
<doc>Clicks the button identified by ``locator``.</doc>
<status status="PASS" start="2024-05-14T10:39:34.040272" elapsed="0.106937"/>
</kw>
<kw name="Sleep" owner="BuiltIn">
<msg time="2024-05-14T10:39:37.148409" level="INFO">Slept 3 seconds.</msg>
<arg>3s</arg>
<doc>Pauses the test executed for the given time.</doc>
<status status="PASS" start="2024-05-14T10:39:34.148207" elapsed="3.000202"/>
</kw>
<status status="PASS" start="2024-05-14T10:39:34.000299" elapsed="3.148110"/>
</kw>
<kw name="Fechar o navegador" owner="academy" type="TEARDOWN">
<kw name="Close Browser" owner="SeleniumLibrary">
<doc>Closes the current browser.</doc>
<status status="PASS" start="2024-05-14T10:39:37.149407" elapsed="2.205240"/>
</kw>
<status status="PASS" start="2024-05-14T10:39:37.149407" elapsed="2.205240"/>
</kw>
<status status="PASS" start="2024-05-14T10:39:30.542127" elapsed="8.813517"/>
</test>
<status status="PASS" start="2024-05-14T10:39:21.766148" elapsed="17.590496"/>
</suite>
<suite id="s1-s3" name="Usuario" source="C:\Academy\Automação-qacoders-robot\tests\usuario.robot">
<test id="s1-s3-t1" name="CT - 1: Cadastrar um novo usuário" line="9">
<kw name="Abrir o navegador" owner="academy" type="SETUP">
<kw name="Open Browser" owner="SeleniumLibrary">
<msg time="2024-05-14T10:39:39.374633" level="INFO">Opening browser 'headlesschrome' to base url 'None'.</msg>
<arg>browser=headlesschrome</arg>
<doc>Opens a new browser instance to the optional ``url``.</doc>
<status status="PASS" start="2024-05-14T10:39:39.374633" elapsed="2.076784"/>
</kw>
<kw name="Maximize Browser Window" owner="SeleniumLibrary">
<doc>Maximizes current browser window.</doc>
<status status="PASS" start="2024-05-14T10:39:41.452416" elapsed="0.037977"/>
</kw>
<status status="PASS" start="2024-05-14T10:39:39.373635" elapsed="2.116758"/>
</kw>
<kw name="Acessar a página de login QaCodersAcademy" owner="academy">
<kw name="Go To" owner="SeleniumLibrary">
<msg time="2024-05-14T10:39:41.492392" level="INFO">Opening url 'https://automacao.qacoders-academy.com.br/login'</msg>
<arg>url=${URL}</arg>
<doc>Navigates the current browser window to the provided ``url``.</doc>
<status status="PASS" start="2024-05-14T10:39:41.491392" elapsed="0.555684"/>
</kw>
<status status="PASS" start="2024-05-14T10:39:41.491392" elapsed="0.555684"/>
</kw>
<kw name="Digitar um e-mail" owner="academy">
<kw name="Wait Until Element Is Visible" owner="SeleniumLibrary">
<arg>locator=${emailInput}</arg>
<doc>Waits until the element ``locator`` is visible.</doc>
<status status="PASS" start="2024-05-14T10:39:42.049077" elapsed="0.098937"/>
</kw>
<kw name="Input Text" owner="SeleniumLibrary">
<msg time="2024-05-14T10:39:42.149012" level="INFO">Typing text 'sysadmin@qacoders.com' into text field '//input[contains(@type,'text')]'.</msg>
<arg>locator=${emailInput}</arg>
<arg>text=${emailLogin}</arg>
<doc>Types the given ``text`` into the text field identified by ``locator``.</doc>
<status status="PASS" start="2024-05-14T10:39:42.148014" elapsed="0.284823"/>
</kw>
<status status="PASS" start="2024-05-14T10:39:42.048075" elapsed="0.384762"/>
</kw>
<kw name="Digitar uma senha" owner="academy">
<kw name="Wait Until Element Is Visible" owner="SeleniumLibrary">
<arg>locator=${senhaInput}</arg>
<doc>Waits until the element ``locator`` is visible.</doc>
<status status="PASS" start="2024-05-14T10:39:42.433838" elapsed="0.055964"/>
</kw>
<kw name="Input Text" owner="SeleniumLibrary">
<msg time="2024-05-14T10:39:42.490801" level="INFO">Typing text '1234@Test' into text field '//input[contains(@type,'password')]'.</msg>
<arg>locator=${senhaInput}</arg>
<arg>text=${passwordLogin}</arg>
<doc>Types the given ``text`` into the text field identified by ``locator``.</doc>
<status status="PASS" start="2024-05-14T10:39:42.490801" elapsed="0.175892"/>
</kw>
<status status="PASS" start="2024-05-14T10:39:42.433838" elapsed="0.233854"/>
</kw>
<kw name="Clicar em entrar" owner="academy">
<kw name="Wait Until Element Is Visible" owner="SeleniumLibrary">
<arg>locator=${entrarButton}</arg>
<doc>Waits until the element ``locator`` is visible.</doc>
<status status="PASS" start="2024-05-14T10:39:42.669691" elapsed="0.037976"/>
</kw>
<kw name="Click Button" owner="SeleniumLibrary">
<msg time="2024-05-14T10:39:42.708665" level="INFO">Clicking button '//button[@class='MuiButtonBase-root MuiButton-root MuiButton-contained MuiButton-containedOrange MuiButton-sizeMedium MuiButton-containedSizeMedium MuiButton-root MuiButton-contained MuiButton-containedOrange MuiButton-sizeMedium MuiButton-containedSizeMedium css-ojf4v2'][contains(.,'Entrar')]'.</msg>
<arg>locator=${entrarButton}</arg>
<doc>Clicks the button identified by ``locator``.</doc>
<status status="PASS" start="2024-05-14T10:39:42.707667" elapsed="0.127922"/>
</kw>
<kw name="Sleep" owner="BuiltIn">
<msg time="2024-05-14T10:39:45.835842" level="INFO">Slept 3 seconds.</msg>
<arg>3s</arg>
<doc>Pauses the test executed for the given time.</doc>
<status status="PASS" start="2024-05-14T10:39:42.835589" elapsed="3.000253"/>
</kw>
<status status="PASS" start="2024-05-14T10:39:42.668691" elapsed="3.167151"/>
</kw>
<kw name="Clicar em cadastro" owner="academy">
<kw name="Wait Until Element Is Visible" owner="SeleniumLibrary">
<arg>locator=${cadastros}</arg>
<doc>Waits until the element ``locator`` is visible.</doc>
<status status="PASS" start="2024-05-14T10:39:45.836840" elapsed="0.031979"/>
</kw>
<kw name="Click Element" owner="SeleniumLibrary">
<msg time="2024-05-14T10:39:45.869822" level="INFO">Clicking element '//div[contains(@id,'Cadastros')]'.</msg>
<arg>locator=${cadastros}</arg>
<doc>Click the element identified by ``locator``.</doc>
<status status="PASS" start="2024-05-14T10:39:45.868819" elapsed="0.075955"/>
</kw>
<status status="PASS" start="2024-05-14T10:39:45.836840" elapsed="0.107934"/>
</kw>
<kw name="Clicar em usuários" owner="academy">
<kw name="Wait Until Element Is Visible" owner="SeleniumLibrary">
<arg>locator=${usuarios}</arg>
<doc>Waits until the element ``locator`` is visible.</doc>
<status status="PASS" start="2024-05-14T10:39:45.947772" elapsed="0.041979"/>
</kw>
<kw name="Click Element" owner="SeleniumLibrary">
<msg time="2024-05-14T10:39:45.990746" level="INFO">Clicking element '//div[contains(@id,'Usuários')]'.</msg>
<arg>locator=${usuarios}</arg>
<doc>Click the element identified by ``locator``.</doc>
<status status="PASS" start="2024-05-14T10:39:45.989751" elapsed="0.095936"/>
</kw>
<status status="PASS" start="2024-05-14T10:39:45.947772" elapsed="0.138913"/>
</kw>
<kw name="Clicar novo cadastro" owner="academy">
<kw name="Wait Until Element Is Visible" owner="SeleniumLibrary">
<arg>locator=${novoCadastro}</arg>
<doc>Waits until the element ``locator`` is visible.</doc>
<status status="PASS" start="2024-05-14T10:39:46.087686" elapsed="0.086944"/>
</kw>
<kw name="Click Button" owner="SeleniumLibrary">
<msg time="2024-05-14T10:39:46.175632" level="INFO">Clicking button '//button[@class='css-fvzsut'][contains(.,'Novo Cadastro')]'.</msg>
<arg>locator=${novoCadastro}</arg>
<doc>Clicks the button identified by ``locator``.</doc>
<status status="PASS" start="2024-05-14T10:39:46.175632" elapsed="0.112928"/>
</kw>
<status status="PASS" start="2024-05-14T10:39:46.086685" elapsed="0.201875"/>
</kw>
<kw name="Digitar nome completo" owner="academy">
<kw name="Wait Until Element Is Visible" owner="SeleniumLibrary">
<arg>locator=${fullNameInput}</arg>
<doc>Waits until the element ``locator`` is visible.</doc>
<status status="PASS" start="2024-05-14T10:39:46.290560" elapsed="0.036976"/>
</kw>
<kw name="Input Text" owner="SeleniumLibrary">
<msg time="2024-05-14T10:39:46.328535" level="INFO">Typing text 'Maria Isabel da Silva' into text field '//input[contains(@name,'fullName')]'.</msg>
<arg>locator=${fullNameInput}</arg>
<arg>text=Maria Isabel da Silva</arg>
<doc>Types the given ``text`` into the text field identified by ``locator``.</doc>
<status status="PASS" start="2024-05-14T10:39:46.328535" elapsed="0.216392"/>
</kw>
<status status="PASS" start="2024-05-14T10:39:46.289560" elapsed="0.255367"/>
</kw>
<kw name="Digitar um e-mail do cadastro do usuário" owner="academy">
<kw name="Generate Random String" owner="String">
<msg time="2024-05-14T10:39:46.550924" level="INFO">${palavra_randomica} = ekLbtgXJ</msg>
<var>${palavra_randomica}</var>
<arg>length=8</arg>
<arg>chars=[LETTERS]</arg>
<doc>Generates a string with a desired ``length`` from the given ``chars``.</doc>
<status status="PASS" start="2024-05-14T10:39:46.550924" elapsed="0.000998"/>
</kw>
<kw name="Convert To Lower Case" owner="String">
<msg time="2024-05-14T10:39:46.552923" level="INFO">${palavra_randomica} = eklbtgxj</msg>
<var>${palavra_randomica}</var>
<arg>${palavra_randomica}</arg>
<doc>Converts string to lower case.</doc>
<status status="PASS" start="2024-05-14T10:39:46.551922" elapsed="0.001001"/>
</kw>
<kw name="Set Test Variable" owner="BuiltIn">
<msg time="2024-05-14T10:39:46.557918" level="INFO">${EMAIL_TEST} = eklbtgxj@gmail.com</msg>
<arg>${EMAIL_TEST}</arg>
<arg>${palavra_randomica}@gmail.com</arg>
<doc>Makes a variable available everywhere within the scope of the current test.</doc>
<status status="PASS" start="2024-05-14T10:39:46.552923" elapsed="0.004995"/>
</kw>
<kw name="Log" owner="BuiltIn">
<msg time="2024-05-14T10:39:46.558918" level="INFO">eklbtgxj@gmail.com</msg>
<arg>${EMAIL_TEST}</arg>
<doc>Logs the given message with the given level.</doc>
<status status="PASS" start="2024-05-14T10:39:46.557918" elapsed="0.001000"/>
</kw>
<kw name="Wait Until Element Is Visible" owner="SeleniumLibrary">
<arg>locator=${emailCadastroInput}</arg>
<doc>Waits until the element ``locator`` is visible.</doc>
<status status="PASS" start="2024-05-14T10:39:46.559917" elapsed="0.114938"/>
</kw>
<kw name="Input Text" owner="SeleniumLibrary">
<msg time="2024-05-14T10:39:46.675855" level="INFO">Typing text 'eklbtgxj@gmail.com' into text field '//input[contains(@name,'mail')]'.</msg>
<arg>locator=${emailCadastroInput}</arg>
<arg>text=${EMAIL_TEST}</arg>
<doc>Types the given ``text`` into the text field identified by ``locator``.</doc>
<status status="PASS" start="2024-05-14T10:39:46.674855" elapsed="0.188884"/>
</kw>
<status status="PASS" start="2024-05-14T10:39:46.549936" elapsed="0.314803"/>
</kw>
<kw name="Digitar perfil de acesso" owner="academy">
<kw name="Wait Until Element Is Visible" owner="SeleniumLibrary">
<arg>locator=${accessoProfileInput}</arg>
<doc>Waits until the element ``locator`` is visible.</doc>
<status status="PASS" start="2024-05-14T10:39:46.866739" elapsed="0.041971"/>
</kw>
<kw name="Input Text" owner="SeleniumLibrary">
<msg time="2024-05-14T10:39:46.910237" level="INFO">Typing text 'ADMIN' into text field '//input[contains(@name,'accessProfile')]'.</msg>
<arg>locator=${accessoProfileInput}</arg>
<arg>text=${accessProfile}</arg>
<doc>Types the given ``text`` into the text field identified by ``locator``.</doc>
<status status="PASS" start="2024-05-14T10:39:46.908710" elapsed="0.169411"/>
</kw>
<status status="PASS" start="2024-05-14T10:39:46.865738" elapsed="0.213383"/>
</kw>
<kw name="Digitar CPF" owner="academy">
<kw name="Generate Random String" owner="String">
<msg time="2024-05-14T10:39:47.082122" level="INFO">${cpf_randomica} = 42752233627</msg>
<var>${cpf_randomica}</var>
<arg>length=11</arg>
<arg>chars=[NUMBERS]</arg>
<doc>Generates a string with a desired ``length`` from the given ``chars``.</doc>
<status status="PASS" start="2024-05-14T10:39:47.081122" elapsed="0.001000"/>
</kw>
<kw name="Convert To Lower Case" owner="String">
<msg time="2024-05-14T10:39:47.083120" level="INFO">${cpf_randomica} = 42752233627</msg>
<var>${cpf_randomica}</var>
<arg>${cpf_randomica}</arg>
<doc>Converts string to lower case.</doc>
<status status="PASS" start="2024-05-14T10:39:47.082122" elapsed="0.000998"/>
</kw>
<kw name="Set Test Variable" owner="BuiltIn">
<msg time="2024-05-14T10:39:47.087121" level="INFO">${CPF} = 42752233627</msg>
<arg>${CPF}</arg>
<arg>${cpf_randomica}</arg>
<doc>Makes a variable available everywhere within the scope of the current test.</doc>
<status status="PASS" start="2024-05-14T10:39:47.083120" elapsed="0.004001"/>
</kw>
<kw name="Log" owner="BuiltIn">
<msg time="2024-05-14T10:39:47.088117" level="INFO">42752233627</msg>
<arg>${CPF}</arg>
<doc>Logs the given message with the given level.</doc>
<status status="PASS" start="2024-05-14T10:39:47.088117" elapsed="0.001003"/>
</kw>
<kw name="Wait Until Element Is Visible" owner="SeleniumLibrary">
<arg>locator=${cpfInput}</arg>
<doc>Waits until the element ``locator`` is visible.</doc>
<status status="PASS" start="2024-05-14T10:39:47.090119" elapsed="0.050962"/>
</kw>
<kw name="Input Text" owner="SeleniumLibrary">
<msg time="2024-05-14T10:39:47.143080" level="INFO">Typing text '42752233627' into text field '//input[contains(@name,'cpf')]'.</msg>
<arg>locator=${cpfInput}</arg>
<arg>text=${CPF}</arg>
<doc>Types the given ``text`` into the text field identified by ``locator``.</doc>
<status status="PASS" start="2024-05-14T10:39:47.142081" elapsed="0.193880"/>
</kw>
<status status="PASS" start="2024-05-14T10:39:47.080120" elapsed="0.255841"/>
</kw>
<kw name="Digitar uma senha do usuário" owner="academy">
<kw name="Wait Until Element Is Visible" owner="SeleniumLibrary">
<arg>locator=${passwordCadastroInput}</arg>
<doc>Waits until the element ``locator`` is visible.</doc>
<status status="PASS" start="2024-05-14T10:39:47.338958" elapsed="0.052974"/>
</kw>
<kw name="Input Text" owner="SeleniumLibrary">
<msg time="2024-05-14T10:39:47.392927" level="INFO">Typing text '1234@Test' into text field '//input[contains(@name,'password')]'.</msg>
<arg>locator=${passwordCadastroInput}</arg>
<arg>text=${passwordLogin}</arg>
<doc>Types the given ``text`` into the text field identified by ``locator``.</doc>
<status status="PASS" start="2024-05-14T10:39:47.391932" elapsed="0.201387"/>
</kw>
<status status="PASS" start="2024-05-14T10:39:47.337960" elapsed="0.255359"/>
</kw>
<kw name="Digitar confirme a sua senha" owner="academy">
<kw name="Wait Until Element Is Visible" owner="SeleniumLibrary">
<arg>locator=${confirmePassword}</arg>
<doc>Waits until the element ``locator`` is visible.</doc>
<status status="PASS" start="2024-05-14T10:39:47.595319" elapsed="0.052969"/>
</kw>
<kw name="Input Text" owner="SeleniumLibrary">
<msg time="2024-05-14T10:39:47.649286" level="INFO">Typing text '1234@Test' into text field '//input[contains(@name,'confirmPassword')]'.</msg>
<arg>locator=${confirmePassword}</arg>
<arg>text=${passwordLogin}</arg>
<doc>Types the given ``text`` into the text field identified by ``locator``.</doc>
<status status="PASS" start="2024-05-14T10:39:47.649286" elapsed="0.182885"/>
</kw>
<status status="PASS" start="2024-05-14T10:39:47.594321" elapsed="0.237850"/>
</kw>
<kw name="Clicar em salvar novo usuário" owner="academy">
<kw name="Wait Until Element Is Visible" owner="SeleniumLibrary">
<arg>locator=${salvarUsuário}</arg>
<doc>Waits until the element ``locator`` is visible.</doc>
<status status="PASS" start="2024-05-14T10:39:47.833170" elapsed="0.042974"/>
</kw>
<kw name="Click Button" owner="SeleniumLibrary">
<msg time="2024-05-14T10:39:47.877147" level="INFO">Clicking button 'save'.</msg>
<arg>locator=${salvarUsuário}</arg>
<doc>Clicks the button identified by ``locator``.</doc>
<status status="PASS" start="2024-05-14T10:39:47.876144" elapsed="0.147908"/>
</kw>
<status status="PASS" start="2024-05-14T10:39:47.833170" elapsed="0.190882"/>
</kw>
<kw name="Clicar em editar usuário" owner="academy">
<kw name="Wait Until Element Is Visible" owner="SeleniumLibrary">
<arg>locator=${editarUsuário}</arg>
<doc>Waits until the element ``locator`` is visible.</doc>
<status status="PASS" start="2024-05-14T10:39:48.026052" elapsed="0.052968"/>
</kw>
<kw name="Click Button" owner="SeleniumLibrary">
<msg time="2024-05-14T10:39:48.083016" level="INFO">Clicking button 'id:edit'.</msg>
<arg>locator=${editarUsuário}</arg>
<doc>Clicks the button identified by ``locator``.</doc>
<status status="PASS" start="2024-05-14T10:39:48.080019" elapsed="0.559994"/>
</kw>
<status status="PASS" start="2024-05-14T10:39:48.025052" elapsed="0.615960"/>
</kw>
<kw name="Digitar nome completo do editar ususário" owner="academy">
<kw name="Wait Until Element Is Visible" owner="SeleniumLibrary">
<arg>locator=${editarNomeUsuario}</arg>
<doc>Waits until the element ``locator`` is visible.</doc>
<status status="PASS" start="2024-05-14T10:39:48.642011" elapsed="0.047971"/>
</kw>
<kw name="Input Text" owner="SeleniumLibrary">
<msg time="2024-05-14T10:39:48.691981" level="INFO">Typing text 'Maria dos Santos' into text field 'id:fullName'.</msg>
<arg>locator=${editarNomeUsuario}</arg>
<arg>text=Maria dos Santos</arg>
<doc>Types the given ``text`` into the text field identified by ``locator``.</doc>
<status status="PASS" start="2024-05-14T10:39:48.690984" elapsed="0.251880"/>
</kw>
<kw name="Wait Until Element Is Visible" owner="SeleniumLibrary">
<arg>locator=${mailEditarUsuario}</arg>
<doc>Waits until the element ``locator`` is visible.</doc>
<status status="PASS" start="2024-05-14T10:39:48.943865" elapsed="0.040973"/>
</kw>
<kw name="Input Text" owner="SeleniumLibrary">
<msg time="2024-05-14T10:39:48.986839" level="INFO">Typing text 'Maria@gmail.com' into text field 'id:mail'.</msg>
<arg>locator=${mailEditarUsuario}</arg>
<arg>text=Maria@gmail.com</arg>
<doc>Types the given ``text`` into the text field identified by ``locator``.</doc>
<status status="PASS" start="2024-05-14T10:39:48.985841" elapsed="0.225858"/>
</kw>
<status status="PASS" start="2024-05-14T10:39:48.642011" elapsed="0.569688"/>
</kw>
<kw name="Clicar em salvar alterações do usuário" owner="academy">
<kw name="Wait Until Element Is Visible" owner="SeleniumLibrary">
<arg>locator=${salvarEditar}</arg>
<doc>Waits until the element ``locator`` is visible.</doc>
<status status="PASS" start="2024-05-14T10:39:49.214698" elapsed="0.056964"/>
</kw>
<kw name="Click Button" owner="SeleniumLibrary">
<msg time="2024-05-14T10:39:49.272663" level="INFO">Clicking button 'id:save'.</msg>
<arg>locator=${salvarEditar}</arg>
<doc>Clicks the button identified by ``locator``.</doc>
<status status="PASS" start="2024-05-14T10:39:49.271662" elapsed="0.138440"/>
</kw>
<status status="PASS" start="2024-05-14T10:39:49.213699" elapsed="0.196403"/>
</kw>
<kw name="Fechar o navegador" owner="academy" type="TEARDOWN">
<kw name="Close Browser" owner="SeleniumLibrary">
<doc>Closes the current browser.</doc>
<status status="PASS" start="2024-05-14T10:39:49.414115" elapsed="2.271526"/>
</kw>
<status status="PASS" start="2024-05-14T10:39:49.413105" elapsed="2.272536"/>
</kw>
<status status="PASS" start="2024-05-14T10:39:39.372635" elapsed="12.314004"/>
</test>
<test id="s1-s3-t2" name="CT - 2: Teste de cadato em branco" line="28">
<kw name="Abrir o navegador" owner="academy" type="SETUP">
<kw name="Open Browser" owner="SeleniumLibrary">
<msg time="2024-05-14T10:39:51.689636" level="INFO">Opening browser 'headlesschrome' to base url 'None'.</msg>
<arg>browser=headlesschrome</arg>
<doc>Opens a new browser instance to the optional ``url``.</doc>
<status status="PASS" start="2024-05-14T10:39:51.689636" elapsed="2.086175"/>
</kw>
<kw name="Maximize Browser Window" owner="SeleniumLibrary">
<doc>Maximizes current browser window.</doc>
<status status="PASS" start="2024-05-14T10:39:53.775811" elapsed="0.035979"/>
</kw>
<status status="PASS" start="2024-05-14T10:39:51.688638" elapsed="2.123152"/>
</kw>
<kw name="Acessar a página de login QaCodersAcademy" owner="academy">
<kw name="Go To" owner="SeleniumLibrary">
<msg time="2024-05-14T10:39:53.814788" level="INFO">Opening url 'https://automacao.qacoders-academy.com.br/login'</msg>
<arg>url=${URL}</arg>
<doc>Navigates the current browser window to the provided ``url``.</doc>
<status status="PASS" start="2024-05-14T10:39:53.813789" elapsed="0.615149"/>
</kw>
<status status="PASS" start="2024-05-14T10:39:53.812789" elapsed="0.617150"/>
</kw>
<kw name="Digitar um e-mail" owner="academy">
<kw name="Wait Until Element Is Visible" owner="SeleniumLibrary">
<arg>locator=${emailInput}</arg>
<doc>Waits until the element ``locator`` is visible.</doc>
<status status="PASS" start="2024-05-14T10:39:54.431937" elapsed="0.055965"/>
</kw>
<kw name="Input Text" owner="SeleniumLibrary">
<msg time="2024-05-14T10:39:54.488902" level="INFO">Typing text 'sysadmin@qacoders.com' into text field '//input[contains(@type,'text')]'.</msg>
<arg>locator=${emailInput}</arg>
<arg>text=${emailLogin}</arg>
<doc>Types the given ``text`` into the text field identified by ``locator``.</doc>
<status status="PASS" start="2024-05-14T10:39:54.487902" elapsed="0.311322"/>
</kw>
<status status="PASS" start="2024-05-14T10:39:54.430937" elapsed="0.368287"/>
</kw>
<kw name="Digitar uma senha" owner="academy">
<kw name="Wait Until Element Is Visible" owner="SeleniumLibrary">
<arg>locator=${senhaInput}</arg>
<doc>Waits until the element ``locator`` is visible.</doc>
<status status="PASS" start="2024-05-14T10:39:54.802222" elapsed="0.046972"/>
</kw>
<kw name="Input Text" owner="SeleniumLibrary">
<msg time="2024-05-14T10:39:54.851192" level="INFO">Typing text '1234@Test' into text field '//input[contains(@type,'password')]'.</msg>
<arg>locator=${senhaInput}</arg>
<arg>text=${passwordLogin}</arg>
<doc>Types the given ``text`` into the text field identified by ``locator``.</doc>
<status status="PASS" start="2024-05-14T10:39:54.850193" elapsed="0.157902"/>
</kw>
<status status="PASS" start="2024-05-14T10:39:54.801223" elapsed="0.207873"/>
</kw>
<kw name="Clicar em entrar" owner="academy">
<kw name="Wait Until Element Is Visible" owner="SeleniumLibrary">
<arg>locator=${entrarButton}</arg>
<doc>Waits until the element ``locator`` is visible.</doc>
<status status="PASS" start="2024-05-14T10:39:55.012092" elapsed="0.037976"/>
</kw>
<kw name="Click Button" owner="SeleniumLibrary">
<msg time="2024-05-14T10:39:55.051068" level="INFO">Clicking button '//button[@class='MuiButtonBase-root MuiButton-root MuiButton-contained MuiButton-containedOrange MuiButton-sizeMedium MuiButton-containedSizeMedium MuiButton-root MuiButton-contained MuiButton-containedOrange MuiButton-sizeMedium MuiButton-containedSizeMedium css-ojf4v2'][contains(.,'Entrar')]'.</msg>
<arg>locator=${entrarButton}</arg>
<doc>Clicks the button identified by ``locator``.</doc>
<status status="PASS" start="2024-05-14T10:39:55.051068" elapsed="0.122924"/>
</kw>
<kw name="Sleep" owner="BuiltIn">
<msg time="2024-05-14T10:39:58.175405" level="INFO">Slept 3 seconds.</msg>
<arg>3s</arg>
<doc>Pauses the test executed for the given time.</doc>
<status status="PASS" start="2024-05-14T10:39:55.173992" elapsed="3.001413"/>
</kw>
<status status="PASS" start="2024-05-14T10:39:55.011092" elapsed="3.164313"/>
</kw>
<kw name="Clicar em cadastro" owner="academy">
<kw name="Wait Until Element Is Visible" owner="SeleniumLibrary">
<arg>locator=${cadastros}</arg>
<doc>Waits until the element ``locator`` is visible.</doc>
<status status="PASS" start="2024-05-14T10:39:58.176404" elapsed="0.032978"/>
</kw>
<kw name="Click Element" owner="SeleniumLibrary">
<msg time="2024-05-14T10:39:58.210385" level="INFO">Clicking element '//div[contains(@id,'Cadastros')]'.</msg>
<arg>locator=${cadastros}</arg>
<doc>Click the element identified by ``locator``.</doc>
<status status="PASS" start="2024-05-14T10:39:58.210385" elapsed="0.080064"/>
</kw>
<status status="PASS" start="2024-05-14T10:39:58.176404" elapsed="0.115044"/>
</kw>
<kw name="Clicar em usuários" owner="academy">
<kw name="Wait Until Element Is Visible" owner="SeleniumLibrary">
<arg>locator=${usuarios}</arg>
<doc>Waits until the element ``locator`` is visible.</doc>
<status status="PASS" start="2024-05-14T10:39:58.292448" elapsed="0.038975"/>
</kw>
<kw name="Click Element" owner="SeleniumLibrary">
<msg time="2024-05-14T10:39:58.332423" level="INFO">Clicking element '//div[contains(@id,'Usuários')]'.</msg>
<arg>locator=${usuarios}</arg>
<doc>Click the element identified by ``locator``.</doc>
<status status="PASS" start="2024-05-14T10:39:58.332423" elapsed="0.088972"/>
</kw>
<status status="PASS" start="2024-05-14T10:39:58.291448" elapsed="0.129947"/>
</kw>
<kw name="Clicar novo cadastro" owner="academy">
<kw name="Wait Until Element Is Visible" owner="SeleniumLibrary">
<arg>locator=${novoCadastro}</arg>
<doc>Waits until the element ``locator`` is visible.</doc>
<status status="PASS" start="2024-05-14T10:39:58.423394" elapsed="0.109969"/>
</kw>
<kw name="Click Button" owner="SeleniumLibrary">
<msg time="2024-05-14T10:39:58.533363" level="INFO">Clicking button '//button[@class='css-fvzsut'][contains(.,'Novo Cadastro')]'.</msg>
<arg>locator=${novoCadastro}</arg>
<doc>Clicks the button identified by ``locator``.</doc>
<status status="PASS" start="2024-05-14T10:39:58.533363" elapsed="0.117927"/>
</kw>
<status status="PASS" start="2024-05-14T10:39:58.422394" elapsed="0.228896"/>
</kw>
<kw name="Nome e sobrenome em branco" owner="academy">
<kw name="Wait Until Element Is Visible" owner="SeleniumLibrary">
<arg>locator=${fullNameInput}</arg>
<doc>Waits until the element ``locator`` is visible.</doc>
<status status="PASS" start="2024-05-14T10:39:58.653289" elapsed="0.036978"/>
</kw>
<kw name="Input Text" owner="SeleniumLibrary">
<msg time="2024-05-14T10:39:58.691267" level="INFO">Typing text '' into text field '//input[contains(@name,'fullName')]'.</msg>
<arg>locator=${fullNameInput}</arg>
<arg>text=</arg>
<doc>Types the given ``text`` into the text field identified by ``locator``.</doc>
<status status="PASS" start="2024-05-14T10:39:58.690267" elapsed="0.203874"/>
</kw>
<status status="PASS" start="2024-05-14T10:39:58.652289" elapsed="0.242852"/>
</kw>
<kw name="Email em branco" owner="academy">
<kw name="Wait Until Element Is Visible" owner="SeleniumLibrary">
<arg>locator=${emailCadastroInput}</arg>
<doc>Waits until the element ``locator`` is visible.</doc>
<status status="PASS" start="2024-05-14T10:39:58.896140" elapsed="0.054965"/>
</kw>
<kw name="Input Text" owner="SeleniumLibrary">
<msg time="2024-05-14T10:39:58.954103" level="INFO">Typing text '' into text field '//input[contains(@name,'mail')]'.</msg>
<arg>locator=${emailCadastroInput}</arg>
<arg>text=</arg>
<doc>Types the given ``text`` into the text field identified by ``locator``.</doc>
<status status="PASS" start="2024-05-14T10:39:58.953104" elapsed="0.146908"/>
</kw>
<status status="PASS" start="2024-05-14T10:39:58.896140" elapsed="0.203872"/>
</kw>
<kw name="Perfil de acesso" owner="academy">
<kw name="Wait Until Element Is Visible" owner="SeleniumLibrary">
<arg>locator=${accessoProfileInput}</arg>
<doc>Waits until the element ``locator`` is visible.</doc>
<status status="PASS" start="2024-05-14T10:39:59.102014" elapsed="0.051964"/>
</kw>
<kw name="Input Text" owner="SeleniumLibrary">
<msg time="2024-05-14T10:39:59.154978" level="INFO">Typing text '' into text field '//input[contains(@name,'accessProfile')]'.</msg>
<arg>locator=${accessoProfileInput}</arg>
<arg>text=</arg>
<doc>Types the given ``text`` into the text field identified by ``locator``.</doc>
<status status="PASS" start="2024-05-14T10:39:59.153978" elapsed="0.177891"/>
</kw>
<status status="PASS" start="2024-05-14T10:39:59.101012" elapsed="0.230857"/>
</kw>
<kw name="CPF em branco" owner="academy">
<kw name="Wait Until Element Is Visible" owner="SeleniumLibrary">
<arg>locator=${cpfInput}</arg>
<doc>Waits until the element ``locator`` is visible.</doc>
<status status="PASS" start="2024-05-14T10:39:59.332867" elapsed="0.044975"/>
</kw>
<kw name="Input Text" owner="SeleniumLibrary">
<msg time="2024-05-14T10:39:59.378842" level="INFO">Typing text '' into text field '//input[contains(@name,'cpf')]'.</msg>
<arg>locator=${cpfInput}</arg>
<arg>text=</arg>
<doc>Types the given ``text`` into the text field identified by ``locator``.</doc>
<status status="PASS" start="2024-05-14T10:39:59.378842" elapsed="0.199876"/>
</kw>
<status status="PASS" start="2024-05-14T10:39:59.332867" elapsed="0.246850"/>
</kw>
<kw name="Password em branco" owner="academy">
<kw name="Wait Until Element Is Visible" owner="SeleniumLibrary">
<arg>locator=${passwordCadastroInput}</arg>
<doc>Waits until the element ``locator`` is visible.</doc>
<status status="PASS" start="2024-05-14T10:39:59.582716" elapsed="0.043973"/>
</kw>
<kw name="Input Text" owner="SeleniumLibrary">
<msg time="2024-05-14T10:39:59.627685" level="INFO">Typing text '' into text field '//input[contains(@name,'password')]'.</msg>
<arg>locator=${passwordCadastroInput}</arg>
<arg>text=</arg>
<doc>Types the given ``text`` into the text field identified by ``locator``.</doc>
<status status="PASS" start="2024-05-14T10:39:59.626689" elapsed="0.164901"/>
</kw>
<status status="PASS" start="2024-05-14T10:39:59.581716" elapsed="0.209874"/>
</kw>
<kw name="Confirmar senha salvar novo usuário" owner="academy">
<kw name="Wait Until Element Is Visible" owner="SeleniumLibrary">
<arg>locator=${confirmePassword}</arg>
<doc>Waits until the element ``locator`` is visible.</doc>
<status status="PASS" start="2024-05-14T10:39:59.794585" elapsed="0.054965"/>
</kw>
<kw name="Input Text" owner="SeleniumLibrary">
<msg time="2024-05-14T10:39:59.851548" level="INFO">Typing text '' into text field '//input[contains(@name,'confirmPassword')]'.</msg>
<arg>locator=${confirmePassword}</arg>
<arg>text=</arg>
<doc>Types the given ``text`` into the text field identified by ``locator``.</doc>
<status status="PASS" start="2024-05-14T10:39:59.850549" elapsed="0.159900"/>
</kw>
<status status="PASS" start="2024-05-14T10:39:59.793586" elapsed="0.216863"/>
</kw>
<kw name="Clicar no botão" owner="academy">
<kw name="Wait Until Element Is Visible" owner="SeleniumLibrary">
<arg>locator=${salvar}</arg>
<doc>Waits until the element ``locator`` is visible.</doc>
<status status="PASS" start="2024-05-14T10:40:00.015446" elapsed="0.072954"/>
</kw>
<kw name="Click Button" owner="SeleniumLibrary">
<msg time="2024-05-14T10:40:00.089400" level="INFO">Clicking button 'id:save'.</msg>
<arg>locator=${salvar}</arg>
<doc>Clicks the button identified by ``locator``.</doc>
<status status="PASS" start="2024-05-14T10:40:00.089400" elapsed="0.198986"/>
</kw>
<kw name="Capture Element Screenshot" owner="SeleniumLibrary">
<msg time="2024-05-14T10:40:00.605190" level="INFO" html="true">&lt;/td&gt;&lt;/tr&gt;&lt;tr&gt;&lt;td colspan="3"&gt;&lt;a href="selenium-element-screenshot-10.png"&gt;&lt;img src="selenium-element-screenshot-10.png" width="400px"&gt;&lt;/a&gt;</msg>
<arg>locator=${telaCadastro}</arg>
<doc>Captures a screenshot from the element identified by ``locator`` and embeds it into log file.</doc>
<status status="PASS" start="2024-05-14T10:40:00.288386" elapsed="0.316804"/>
</kw>
<status status="PASS" start="2024-05-14T10:40:00.015446" elapsed="0.589744"/>
</kw>
<kw name="Fechar o navegador" owner="academy" type="TEARDOWN">
<kw name="Close Browser" owner="SeleniumLibrary">
<doc>Closes the current browser.</doc>
<status status="PASS" start="2024-05-14T10:40:00.608187" elapsed="2.235819"/>
</kw>
<status status="PASS" start="2024-05-14T10:40:00.607188" elapsed="2.236818"/>
</kw>
<status status="PASS" start="2024-05-14T10:39:51.687638" elapsed="11.157366"/>
</test>
<status status="PASS" start="2024-05-14T10:39:39.358644" elapsed="23.488359"/>
</suite>
<status status="PASS" start="2024-05-14T10:39:09.504734" elapsed="53.345269"/>
</suite>
<statistics>
<total>
<stat pass="5" fail="0" skip="0">All Tests</stat>
</total>
<tag>
</tag>
<suite>
<stat pass="5" fail="0" skip="0" id="s1" name="Tests">Tests</stat>
<stat pass="1" fail="0" skip="0" id="s1-s1" name="Diretoria">Tests.Diretoria</stat>
<stat pass="2" fail="0" skip="0" id="s1-s2" name="Login">Tests.Login</stat>
<stat pass="2" fail="0" skip="0" id="s1-s3" name="Usuario">Tests.Usuario</stat>
</suite>
</statistics>
<errors>
</errors>
</robot>
